Traceback (most recent call last):
  File "<string>", line 24, in <module>
AttributeError: 'list' object has no attribute 'get'
Error in sys.excepthook:
Traceback (most recent call last):
  File "/usr/lib/python3/dist-packages/apport_python_hook.py", line 228, in partial_apport_excepthook
    return apport_excepthook(binary, exc_type, exc_obj, exc_tb)
           ^^^^^^^^^^^^^^^^^^^^^^^^^^^^^^^^^^^^^^^^^^^^^^^^^^^^
  File "/usr/lib/python3/dist-packages/apport_python_hook.py", line 114, in apport_excepthook
    report["ExecutableTimestamp"] = str(int(os.stat(binary).st_mtime))
                                            ^^^^^^^^^^^^^^^
FileNotFoundError: [Errno 2] No such file or directory: '/opt/lampp/htdocs/PRY_PROYECTO/-c'

Original exception was:
Traceback (most recent call last):
  File "<string>", line 24, in <module>
AttributeError: 'list' object has no attribute 'get'
